<?xml version="1.0" encoding="UTF-8"?>
<testng-results ignored="0" total="112" passed="109" failed="3" skipped="0">
  <reporter-output>
  </reporter-output>
  <suite started-at="2025-09-10T18:45:22 IST" name="Bank APP" finished-at="2025-09-10T19:11:25 IST" duration-ms="1563515">
    <groups>
    </groups>
    <test started-at="2025-09-10T18:45:22 IST" name="Bank Manager -- chrome" finished-at="2025-09-10T18:51:09 IST" duration-ms="346917">
      <class name="TestCases.BankManagerTest">
        <test-method is-config="true" signature="startup(java.lang.String)[pri:0, instance:TestCases.BankManagerTest@3fed2870]" started-at="2025-09-10T18:46:06 IST" name="startup" finished-at="2025-09-10T18:46:09 IST" duration-ms="2558" status="PASS">
          <params>
            <param index="0">
              <value>
                <![CDATA[chrome]]>
              </value>
            </param>
          </params>
          <reporter-output>
          </reporter-output>
        </test-method> <!-- startup -->
        <test-method signature="addCust(java.lang.String,java.lang.String,java.lang.String)[pri:0, instance:TestCases.BankManagerTest@3fed2870]" started-at="2025-09-10T18:46:09 IST" name="addCust" data-provider="dp" finished-at="2025-09-10T18:46:11 IST" duration-ms="1802" status="PASS">
          <params>
            <param index="0">
              <value>
                <![CDATA[Test]]>
              </value>
            </param>
            <param index="1">
              <value>
                <![CDATA[lname]]>
              </value>
            </param>
            <param index="2">
              <value>
                <![CDATA[1000]]>
              </value>
            </param>
          </params>
          <reporter-output>
          </reporter-output>
        </test-method> <!-- addCust -->
        <test-method is-config="true" signature="finish()[pri:0, instance:TestCases.BankManagerTest@3fed2870]" started-at="2025-09-10T18:46:11 IST" name="finish" finished-at="2025-09-10T18:46:11 IST" duration-ms="276" status="PASS">
          <reporter-output>
          </reporter-output>
        </test-method> <!-- finish -->
        <test-method is-config="true" signature="startup(java.lang.String)[pri:0, instance:TestCases.BankManagerTest@3fed2870]" started-at="2025-09-10T18:46:11 IST" name="startup" finished-at="2025-09-10T18:46:14 IST" duration-ms="2744" status="PASS">
          <params>
            <param index="0">
              <value>
                <![CDATA[chrome]]>
              </value>
            </param>
          </params>
          <reporter-output>
          </reporter-output>
        </test-method> <!-- startup -->
        <test-method signature="addCust(java.lang.String,java.lang.String,java.lang.String)[pri:0, instance:TestCases.BankManagerTest@3fed2870]" started-at="2025-09-10T18:46:14 IST" name="addCust" data-provider="dp" finished-at="2025-09-10T18:46:16 IST" duration-ms="2173" status="PASS">
          <params>
            <param index="0">
              <value>
                <![CDATA[Test1]]>
              </value>
            </param>
            <param index="1">
              <value>
                <![CDATA[lname1]]>
              </value>
            </param>
            <param index="2">
              <value>
                <![CDATA[1001]]>
              </value>
            </param>
          </params>
          <reporter-output>
          </reporter-output>
        </test-method> <!-- addCust -->
        <test-method is-config="true" signature="finish()[pri:0, instance:TestCases.BankManagerTest@3fed2870]" started-at="2025-09-10T18:46:16 IST" name="finish" finished-at="2025-09-10T18:46:16 IST" duration-ms="289" status="PASS">
          <reporter-output>
          </reporter-output>
        </test-method> <!-- finish -->
        <test-method is-config="true" signature="startup(java.lang.String)[pri:0, instance:TestCases.BankManagerTest@3fed2870]" started-at="2025-09-10T18:46:16 IST" name="startup" finished-at="2025-09-10T18:46:19 IST" duration-ms="2619" status="PASS">
          <params>
            <param index="0">
              <value>
                <![CDATA[chrome]]>
              </value>
            </param>
          </params>
          <reporter-output>
          </reporter-output>
        </test-method> <!-- startup -->
        <test-method signature="addCust(java.lang.String,java.lang.String,java.lang.String)[pri:0, instance:TestCases.BankManagerTest@3fed2870]" started-at="2025-09-10T18:46:19 IST" name="addCust" data-provider="dp" finished-at="2025-09-10T18:46:21 IST" duration-ms="2125" status="PASS">
          <params>
            <param index="0">
              <value>
                <![CDATA[Test2]]>
              </value>
            </param>
            <param index="1">
              <value>
                <![CDATA[lname3]]>
              </value>
            </param>
            <param index="2">
              <value>
                <![CDATA[1002]]>
              </value>
            </param>
          </params>
          <reporter-output>
          </reporter-output>
        </test-method> <!-- addCust -->
        <test-method is-config="true" signature="finish()[pri:0, instance:TestCases.BankManagerTest@3fed2870]" started-at="2025-09-10T18:46:21 IST" name="finish" finished-at="2025-09-10T18:46:21 IST" duration-ms="399" status="PASS">
          <reporter-output>
          </reporter-output>
        </test-method> <!-- finish -->
        <test-method is-config="true" signature="startup(java.lang.String)[pri:0, instance:TestCases.BankManagerTest@3fed2870]" started-at="2025-09-10T18:46:21 IST" name="startup" finished-at="2025-09-10T18:46:25 IST" duration-ms="3415" status="PASS">
          <params>
            <param index="0">
              <value>
                <![CDATA[chrome]]>
              </value>
            </param>
          </params>
          <reporter-output>
          </reporter-output>
        </test-method> <!-- startup -->
        <test-method signature="addCust(java.lang.String,java.lang.String,java.lang.String)[pri:0, instance:TestCases.BankManagerTest@3fed2870]" started-at="2025-09-10T18:46:25 IST" name="addCust" data-provider="dp" finished-at="2025-09-10T18:46:27 IST" duration-ms="1841" status="PASS">
          <params>
            <param index="0">
              <value>
                <![CDATA[Test3]]>
              </value>
            </param>
            <param index="1">
              <value>
                <![CDATA[lname4]]>
              </value>
            </param>
            <param index="2">
              <value>
                <![CDATA[1003]]>
              </value>
            </param>
          </params>
          <reporter-output>
          </reporter-output>
        </test-method> <!-- addCust -->
        <test-method is-config="true" signature="finish()[pri:0, instance:TestCases.BankManagerTest@3fed2870]" started-at="2025-09-10T18:46:27 IST" name="finish" finished-at="2025-09-10T18:46:27 IST" duration-ms="259" status="PASS">
          <reporter-output>
          </reporter-output>
        </test-method> <!-- finish -->
        <test-method is-config="true" signature="startup(java.lang.String)[pri:0, instance:TestCases.BankManagerTest@3fed2870]" started-at="2025-09-10T18:46:27 IST" name="startup" finished-at="2025-09-10T18:46:30 IST" duration-ms="2771" status="PASS">
          <params>
            <param index="0">
              <value>
                <![CDATA[chrome]]>
              </value>
            </param>
          </params>
          <reporter-output>
          </reporter-output>
        </test-method> <!-- startup -->
        <test-method signature="addCust(java.lang.String,java.lang.String,java.lang.String)[pri:0, instance:TestCases.BankManagerTest@3fed2870]" started-at="2025-09-10T18:46:30 IST" name="addCust" data-provider="dp" finished-at="2025-09-10T18:46:32 IST" duration-ms="2207" status="PASS">
          <params>
            <param index="0">
              <value>
                <![CDATA[Test4]]>
              </value>
            </param>
            <param index="1">
              <value>
                <![CDATA[lname5]]>
              </value>
            </param>
            <param index="2">
              <value>
                <![CDATA[1004]]>
              </value>
            </param>
          </params>
          <reporter-output>
          </reporter-output>
        </test-method> <!-- addCust -->
        <test-method is-config="true" signature="finish()[pri:0, instance:TestCases.BankManagerTest@3fed2870]" started-at="2025-09-10T18:46:32 IST" name="finish" finished-at="2025-09-10T18:46:33 IST" duration-ms="669" status="PASS">
          <reporter-output>
          </reporter-output>
        </test-method> <!-- finish -->
        <test-method is-config="true" signature="startup(java.lang.String)[pri:0, instance:TestCases.BankManagerTest@3fed2870]" started-at="2025-09-10T18:46:33 IST" name="startup" finished-at="2025-09-10T18:46:35 IST" duration-ms="2808" status="PASS">
          <params>
            <param index="0">
              <value>
                <![CDATA[chrome]]>
              </value>
            </param>
          </params>
          <reporter-output>
          </reporter-output>
        </test-method> <!-- startup -->
        <test-method signature="checkDeleteButton()[pri:0, instance:TestCases.BankManagerTest@3fed2870]" started-at="2025-09-10T18:46:35 IST" name="checkDeleteButton" finished-at="2025-09-10T18:46:37 IST" duration-ms="1927" status="PASS">
          <reporter-output>
          </reporter-output>
        </test-method> <!-- checkDeleteButton -->
        <test-method is-config="true" signature="finish()[pri:0, instance:TestCases.BankManagerTest@3fed2870]" started-at="2025-09-10T18:46:37 IST" name="finish" finished-at="2025-09-10T18:46:38 IST" duration-ms="267" status="PASS">
          <reporter-output>
          </reporter-output>
        </test-method> <!-- finish -->
        <test-method is-config="true" signature="startup(java.lang.String)[pri:0, instance:TestCases.BankManagerTest@3fed2870]" started-at="2025-09-10T18:46:38 IST" name="startup" finished-at="2025-09-10T18:46:40 IST" duration-ms="2423" status="PASS">
          <params>
            <param index="0">
              <value>
                <![CDATA[chrome]]>
              </value>
            </param>
          </params>
          <reporter-output>
          </reporter-output>
        </test-method> <!-- startup -->
        <test-method signature="custDetails(java.lang.String)[pri:0, instance:TestCases.BankManagerTest@3fed2870]" started-at="2025-09-10T18:46:40 IST" name="custDetails" data-provider="dp" finished-at="2025-09-10T18:46:42 IST" duration-ms="2124" status="PASS">
          <params>
            <param index="0">
              <value>
                <![CDATA[First Name]]>
              </value>
            </param>
          </params>
          <reporter-output>
          </reporter-output>
        </test-method> <!-- custDetails -->
        <test-method is-config="true" signature="finish()[pri:0, instance:TestCases.BankManagerTest@3fed2870]" started-at="2025-09-10T18:46:42 IST" name="finish" finished-at="2025-09-10T18:46:42 IST" duration-ms="275" status="PASS">
          <reporter-output>
          </reporter-output>
        </test-method> <!-- finish -->
        <test-method is-config="true" signature="startup(java.lang.String)[pri:0, instance:TestCases.BankManagerTest@3fed2870]" started-at="2025-09-10T18:46:42 IST" name="startup" finished-at="2025-09-10T18:46:45 IST" duration-ms="2838" status="PASS">
          <params>
            <param index="0">
              <value>
                <![CDATA[chrome]]>
              </value>
            </param>
          </params>
          <reporter-output>
          </reporter-output>
        </test-method> <!-- startup -->
        <test-method signature="custDetails(java.lang.String)[pri:0, instance:TestCases.BankManagerTest@3fed2870]" started-at="2025-09-10T18:46:45 IST" name="custDetails" data-provider="dp" finished-at="2025-09-10T18:46:47 IST" duration-ms="1569" status="PASS">
          <params>
            <param index="0">
              <value>
                <![CDATA[Last Name]]>
              </value>
            </param>
          </params>
          <reporter-output>
          </reporter-output>
        </test-method> <!-- custDetails -->
        <test-method is-config="true" signature="finish()[pri:0, instance:TestCases.BankManagerTest@3fed2870]" started-at="2025-09-10T18:46:47 IST" name="finish" finished-at="2025-09-10T18:46:47 IST" duration-ms="263" status="PASS">
          <reporter-output>
          </reporter-output>
        </test-method> <!-- finish -->
        <test-method is-config="true" signature="startup(java.lang.String)[pri:0, instance:TestCases.BankManagerTest@3fed2870]" started-at="2025-09-10T18:46:47 IST" name="startup" finished-at="2025-09-10T18:46:50 IST" duration-ms="2617" status="PASS">
          <params>
            <param index="0">
              <value>
                <![CDATA[chrome]]>
              </value>
            </param>
          </params>
          <reporter-output>
          </reporter-output>
        </test-method> <!-- startup -->
        <test-method signature="custDetails(java.lang.String)[pri:0, instance:TestCases.BankManagerTest@3fed2870]" started-at="2025-09-10T18:46:50 IST" name="custDetails" data-provider="dp" finished-at="2025-09-10T18:46:51 IST" duration-ms="1715" status="PASS">
          <params>
            <param index="0">
              <value>
                <![CDATA[Post Code]]>
              </value>
            </param>
          </params>
          <reporter-output>
          </reporter-output>
        </test-method> <!-- custDetails -->
        <test-method is-config="true" signature="finish()[pri:0, instance:TestCases.BankManagerTest@3fed2870]" started-at="2025-09-10T18:46:51 IST" name="finish" finished-at="2025-09-10T18:46:52 IST" duration-ms="220" status="PASS">
          <reporter-output>
          </reporter-output>
        </test-method> <!-- finish -->
        <test-method is-config="true" signature="startup(java.lang.String)[pri:0, instance:TestCases.BankManagerTest@3fed2870]" started-at="2025-09-10T18:46:52 IST" name="startup" finished-at="2025-09-10T18:46:56 IST" duration-ms="3871" status="PASS">
          <params>
            <param index="0">
              <value>
                <![CDATA[chrome]]>
              </value>
            </param>
          </params>
          <reporter-output>
          </reporter-output>
        </test-method> <!-- startup -->
        <test-method signature="custDetails(java.lang.String)[pri:0, instance:TestCases.BankManagerTest@3fed2870]" started-at="2025-09-10T18:46:56 IST" name="custDetails" data-provider="dp" finished-at="2025-09-10T18:46:57 IST" duration-ms="1574" status="PASS">
          <params>
            <param index="0">
              <value>
                <![CDATA[Account Number]]>
              </value>
            </param>
          </params>
          <reporter-output>
          </reporter-output>
        </test-method> <!-- custDetails -->
        <test-method is-config="true" signature="finish()[pri:0, instance:TestCases.BankManagerTest@3fed2870]" started-at="2025-09-10T18:46:57 IST" name="finish" finished-at="2025-09-10T18:46:57 IST" duration-ms="338" status="PASS">
          <reporter-output>
          </reporter-output>
        </test-method> <!-- finish -->
        <test-method is-config="true" signature="startup(java.lang.String)[pri:0, instance:TestCases.BankManagerTest@3fed2870]" started-at="2025-09-10T18:46:57 IST" name="startup" finished-at="2025-09-10T18:47:00 IST" duration-ms="2733" status="PASS">
          <params>
            <param index="0">
              <value>
                <![CDATA[chrome]]>
              </value>
            </param>
          </params>
          <reporter-output>
          </reporter-output>
        </test-method> <!-- startup -->
        <test-method signature="custDetails(java.lang.String)[pri:0, instance:TestCases.BankManagerTest@3fed2870]" started-at="2025-09-10T18:47:00 IST" name="custDetails" data-provider="dp" finished-at="2025-09-10T18:47:03 IST" duration-ms="2797" status="PASS">
          <params>
            <param index="0">
              <value>
                <![CDATA[Delete Customer]]>
              </value>
            </param>
          </params>
          <reporter-output>
          </reporter-output>
        </test-method> <!-- custDetails -->
        <test-method is-config="true" signature="finish()[pri:0, instance:TestCases.BankManagerTest@3fed2870]" started-at="2025-09-10T18:47:03 IST" name="finish" finished-at="2025-09-10T18:47:03 IST" duration-ms="330" status="PASS">
          <reporter-output>
          </reporter-output>
        </test-method> <!-- finish -->
        <test-method is-config="true" signature="startup(java.lang.String)[pri:0, instance:TestCases.BankManagerTest@3fed2870]" started-at="2025-09-10T18:47:03 IST" name="startup" finished-at="2025-09-10T18:47:06 IST" duration-ms="2908" status="PASS">
          <params>
            <param index="0">
              <value>
                <![CDATA[chrome]]>
              </value>
            </param>
          </params>
          <reporter-output>
          </reporter-output>
        </test-method> <!-- startup -->
        <test-method signature="deleteTest()[pri:0, instance:TestCases.BankManagerTest@3fed2870]" started-at="2025-09-10T18:47:06 IST" name="deleteTest" finished-at="2025-09-10T18:47:17 IST" duration-ms="10310" status="FAIL">
          <exception class="java.lang.AssertionError">
            <message>
              <![CDATA[Expected condition failed: waiting for element to be clickable: By.xpath: //button[@ng-click='showCust()'] (tried for 10 second(s) with 500 milliseconds interval)
Build info: version: '4.35.0', revision: '1c58e5028b'
System info: os.name: 'Windows 11', os.arch: 'amd64', os.version: '10.0', java.version: '21.0.8'
Driver info: org.openqa.selenium.chrome.ChromeDriver
Capabilities {acceptInsecureCerts: false, browserName: chrome, browserVersion: 140.0.7339.128, chrome: {chromedriverVersion: 140.0.7339.82 (bc93617e21c3..., userDataDir: C:\Users\HUNEEP~1.SUR\AppDa...}, fedcm:accounts: true, goog:chromeOptions: {debuggerAddress: localhost:61012}, networkConnectionEnabled: false, pageLoadStrategy: normal, platformName: windows, proxy: Proxy(), se:cdp: ws://localhost:61012/devtoo..., se:cdpVersion: 140.0.7339.128, setWindowRect: true, strictFileInteractability: false, timeouts: {implicit: 0, pageLoad: 300000, script: 30000}, unhandledPromptBehavior: dismiss and notify, webauthn:extension:credBlob: true, webauthn:extension:largeBlob: true, webauthn:extension:minPinLength: true, webauthn:extension:prf: true, webauthn:virtualAuthenticators: true}
Session ID: 56de828ac1fd35eb3302f53d4f461dc4]]>
            </message>
            <full-stacktrace>
              <![CDATA[java.lang.AssertionError: Expected condition failed: waiting for element to be clickable: By.xpath: //button[@ng-click='showCust()'] (tried for 10 second(s) with 500 milliseconds interval)
Build info: version: '4.35.0', revision: '1c58e5028b'
System info: os.name: 'Windows 11', os.arch: 'amd64', os.version: '10.0', java.version: '21.0.8'
Driver info: org.openqa.selenium.chrome.ChromeDriver
Capabilities {acceptInsecureCerts: false, browserName: chrome, browserVersion: 140.0.7339.128, chrome: {chromedriverVersion: 140.0.7339.82 (bc93617e21c3..., userDataDir: C:\Users\HUNEEP~1.SUR\AppDa...}, fedcm:accounts: true, goog:chromeOptions: {debuggerAddress: localhost:61012}, networkConnectionEnabled: false, pageLoadStrategy: normal, platformName: windows, proxy: Proxy(), se:cdp: ws://localhost:61012/devtoo..., se:cdpVersion: 140.0.7339.128, setWindowRect: true, strictFileInteractability: false, timeouts: {implicit: 0, pageLoad: 300000, script: 30000}, unhandledPromptBehavior: dismiss and notify, webauthn:extension:credBlob: true, webauthn:extension:largeBlob: true, webauthn:extension:minPinLength: true, webauthn:extension:prf: true, webauthn:virtualAuthenticators: true}
Session ID: 56de828ac1fd35eb3302f53d4f461dc4
at org.testng.Assert.fail(Assert.java:111)
at TestCases.BankManagerTest.deleteTest(BankManagerTest.java:228)
at java.base/jdk.internal.reflect.DirectMethodHandleAccessor.invoke(DirectMethodHandleAccessor.java:103)
at java.base/java.lang.reflect.Method.invoke(Method.java:580)
at org.testng.internal.invokers.MethodInvocationHelper.invokeMethod(MethodInvocationHelper.java:141)
at org.testng.internal.invokers.TestInvoker.invokeMethod(TestInvoker.java:687)
at org.testng.internal.invokers.TestInvoker.invokeTestMethod(TestInvoker.java:230)
at org.testng.internal.invokers.MethodRunner.runInSequence(MethodRunner.java:63)
at org.testng.internal.invokers.TestInvoker$MethodInvocationAgent.invoke(TestInvoker.java:995)
at org.testng.internal.invokers.TestInvoker.invokeTestMethods(TestInvoker.java:203)
at org.testng.internal.invokers.TestMethodWorker.invokeTestMethods(TestMethodWorker.java:154)
at org.testng.internal.invokers.TestMethodWorker.run(TestMethodWorker.java:134)
at java.base/java.util.ArrayList.forEach(ArrayList.java:1596)
at org.testng.TestRunner.privateRun(TestRunner.java:741)
at org.testng.TestRunner.run(TestRunner.java:616)
at org.testng.SuiteRunner.runTest(SuiteRunner.java:421)
at org.testng.SuiteRunner.runSequentially(SuiteRunner.java:413)
at org.testng.SuiteRunner.privateRun(SuiteRunner.java:373)
at org.testng.SuiteRunner.run(SuiteRunner.java:312)
at org.testng.SuiteRunnerWorker.runSuite(SuiteRunnerWorker.java:52)
at org.testng.SuiteRunnerWorker.run(SuiteRunnerWorker.java:95)
at org.testng.TestNG.runSuitesSequentially(TestNG.java:1274)
at org.testng.TestNG.runSuitesLocally(TestNG.java:1208)
at org.testng.TestNG.runSuites(TestNG.java:1112)
at org.testng.TestNG.run(TestNG.java:1079)
at org.apache.maven.surefire.testng.TestNGExecutor.run(TestNGExecutor.java:308)
at org.apache.maven.surefire.testng.TestNGXmlTestSuite.execute(TestNGXmlTestSuite.java:71)
at org.apache.maven.surefire.testng.TestNGProvider.invoke(TestNGProvider.java:113)
at org.apache.maven.surefire.booter.ForkedBooter.runSuitesInProcess(ForkedBooter.java:385)
at org.apache.maven.surefire.booter.ForkedBooter.execute(ForkedBooter.java:162)
at org.apache.maven.surefire.booter.ForkedBooter.run(ForkedBooter.java:507)
at org.apache.maven.surefire.booter.ForkedBooter.main(ForkedBooter.java:495)
]]>
            </full-stacktrace>
          </exception> <!-- java.lang.AssertionError -->
          <reporter-output>
          </reporter-output>
        </test-method> <!-- deleteTest -->
        <test-method is-config="true" signature="finish()[pri:0, instance:TestCases.BankManagerTest@3fed2870]" started-at="2025-09-10T18:47:17 IST" name="finish" finished-at="2025-09-10T18:47:17 IST" duration-ms="279" status="PASS">
          <reporter-output>
          </reporter-output>
        </test-method> <!-- finish -->
        <test-method is-config="true" signature="startup(java.lang.String)[pri:0, instance:TestCases.BankManagerTest@3fed2870]" started-at="2025-09-10T18:47:17 IST" name="startup" finished-at="2025-09-10T18:47:24 IST" duration-ms="7314" status="PASS">
          <params>
            <param index="0">
              <value>
                <![CDATA[chrome]]>
              </value>
            </param>
          </params>
          <reporter-output>
          </reporter-output>
        </test-method> <!-- startup -->
        <test-method signature="placeHolderTest()[pri:0, instance:TestCases.BankManagerTest@3fed2870]" started-at="2025-09-10T18:47:24 IST" name="placeHolderTest" finished-at="2025-09-10T18:47:26 IST" duration-ms="1909" status="PASS">
          <reporter-output>
          </reporter-output>
        </test-method> <!-- placeHolderTest -->
        <test-method is-config="true" signature="finish()[pri:0, instance:TestCases.BankManagerTest@3fed2870]" started-at="2025-09-10T18:47:26 IST" name="finish" finished-at="2025-09-10T18:47:26 IST" duration-ms="225" status="PASS">
          <reporter-output>
          </reporter-output>
        </test-method> <!-- finish -->
        <test-method is-config="true" signature="startup(java.lang.String)[pri:0, instance:TestCases.BankManagerTest@3fed2870]" started-at="2025-09-10T18:47:26 IST" name="startup" finished-at="2025-09-10T18:47:29 IST" duration-ms="2235" status="PASS">
          <params>
            <param index="0">
              <value>
                <![CDATA[chrome]]>
              </value>
            </param>
          </params>
          <reporter-output>
          </reporter-output>
        </test-method> <!-- startup -->
        <test-method signature="openAccount(java.lang.String)[pri:1, instance:TestCases.BankManagerTest@3fed2870]" started-at="2025-09-10T18:47:29 IST" name="openAccount" data-provider="dp" finished-at="2025-09-10T18:47:31 IST" duration-ms="2155" status="PASS">
          <params>
            <param index="0">
              <value>
                <![CDATA[Hermoine Granger]]>
              </value>
            </param>
          </params>
          <reporter-output>
          </reporter-output>
        </test-method> <!-- openAccount -->
        <test-method is-config="true" signature="finish()[pri:0, instance:TestCases.BankManagerTest@3fed2870]" started-at="2025-09-10T18:47:31 IST" name="finish" finished-at="2025-09-10T18:47:31 IST" duration-ms="285" status="PASS">
          <reporter-output>
          </reporter-output>
        </test-method> <!-- finish -->
        <test-method is-config="true" signature="startup(java.lang.String)[pri:0, instance:TestCases.BankManagerTest@3fed2870]" started-at="2025-09-10T18:47:31 IST" name="startup" finished-at="2025-09-10T18:47:34 IST" duration-ms="3045" status="PASS">
          <params>
            <param index="0">
              <value>
                <![CDATA[chrome]]>
              </value>
            </param>
          </params>
          <reporter-output>
          </reporter-output>
        </test-method> <!-- startup -->
        <test-method signature="openAccount(java.lang.String)[pri:1, instance:TestCases.BankManagerTest@3fed2870]" started-at="2025-09-10T18:47:34 IST" name="openAccount" data-provider="dp" finished-at="2025-09-10T18:47:36 IST" duration-ms="2251" status="PASS">
          <params>
            <param index="0">
              <value>
                <![CDATA[Harry Potter]]>
              </value>
            </param>
          </params>
          <reporter-output>
          </reporter-output>
        </test-method> <!-- openAccount -->
        <test-method is-config="true" signature="finish()[pri:0, instance:TestCases.BankManagerTest@3fed2870]" started-at="2025-09-10T18:47:36 IST" name="finish" finished-at="2025-09-10T18:47:37 IST" duration-ms="617" status="PASS">
          <reporter-output>
          </reporter-output>
        </test-method> <!-- finish -->
        <test-method is-config="true" signature="startup(java.lang.String)[pri:0, instance:TestCases.BankManagerTest@3fed2870]" started-at="2025-09-10T18:47:37 IST" name="startup" finished-at="2025-09-10T18:47:40 IST" duration-ms="2567" status="PASS">
          <params>
            <param index="0">
              <value>
                <![CDATA[chrome]]>
              </value>
            </param>
          </params>
          <reporter-output>
          </reporter-output>
        </test-method> <!-- startup -->
        <test-method signature="openAccount(java.lang.String)[pri:1, instance:TestCases.BankManagerTest@3fed2870]" started-at="2025-09-10T18:47:40 IST" name="openAccount" data-provider="dp" finished-at="2025-09-10T18:47:41 IST" duration-ms="1805" status="PASS">
          <params>
            <param index="0">
              <value>
                <![CDATA[Ron Weasly]]>
              </value>
            </param>
          </params>
          <reporter-output>
          </reporter-output>
        </test-method> <!-- openAccount -->
        <test-method is-config="true" signature="finish()[pri:0, instance:TestCases.BankManagerTest@3fed2870]" started-at="2025-09-10T18:47:41 IST" name="finish" finished-at="2025-09-10T18:47:42 IST" duration-ms="342" status="PASS">
          <reporter-output>
          </reporter-output>
        </test-method> <!-- finish -->
        <test-method is-config="true" signature="startup(java.lang.String)[pri:0, instance:TestCases.BankManagerTest@3fed2870]" started-at="2025-09-10T18:47:42 IST" name="startup" finished-at="2025-09-10T18:47:45 IST" duration-ms="2867" status="PASS">
          <params>
            <param index="0">
              <value>
                <![CDATA[chrome]]>
              </value>
            </param>
          </params>
          <reporter-output>
          </reporter-output>
        </test-method> <!-- startup -->
        <test-method signature="openAccount(java.lang.String)[pri:1, instance:TestCases.BankManagerTest@3fed2870]" started-at="2025-09-10T18:47:45 IST" name="openAccount" data-provider="dp" finished-at="2025-09-10T18:47:47 IST" duration-ms="1876" status="PASS">
          <params>
            <param index="0">
              <value>
                <![CDATA[Albus Dumbledore]]>
              </value>
            </param>
          </params>
          <reporter-output>
          </reporter-output>
        </test-method> <!-- openAccount -->
        <test-method is-config="true" signature="finish()[pri:0, instance:TestCases.BankManagerTest@3fed2870]" started-at="2025-09-10T18:47:47 IST" name="finish" finished-at="2025-09-10T18:47:47 IST" duration-ms="269" status="PASS">
          <reporter-output>
          </reporter-output>
        </test-method> <!-- finish -->
        <test-method is-config="true" signature="startup(java.lang.String)[pri:0, instance:TestCases.BankManagerTest@3fed2870]" started-at="2025-09-10T18:47:47 IST" name="startup" finished-at="2025-09-10T18:47:50 IST" duration-ms="2881" status="PASS">
          <params>
            <param index="0">
              <value>
                <![CDATA[chrome]]>
              </value>
            </param>
          </params>
          <reporter-output>
          </reporter-output>
        </test-method> <!-- startup -->
        <test-method signature="openAccount(java.lang.String)[pri:1, instance:TestCases.BankManagerTest@3fed2870]" started-at="2025-09-10T18:47:50 IST" name="openAccount" data-provider="dp" finished-at="2025-09-10T18:47:51 IST" duration-ms="1773" status="PASS">
          <params>
            <param index="0">
              <value>
                <![CDATA[Neville Longbottom]]>
              </value>
            </param>
          </params>
          <reporter-output>
          </reporter-output>
        </test-method> <!-- openAccount -->
        <test-method is-config="true" signature="finish()[pri:0, instance:TestCases.BankManagerTest@3fed2870]" started-at="2025-09-10T18:47:51 IST" name="finish" finished-at="2025-09-10T18:47:52 IST" duration-ms="285" status="PASS">
          <reporter-output>
          </reporter-output>
        </test-method> <!-- finish -->
      </class> <!-- TestCases.BankManagerTest -->
      <class name="TestCases.CustLoginTest">
        <test-method is-config="true" signature="startup(java.lang.String)[pri:0, instance:TestCases.CustLoginTest@77128536]" started-at="2025-09-10T18:47:52 IST" name="startup" finished-at="2025-09-10T18:47:55 IST" duration-ms="2878" status="PASS">
          <params>
            <param index="0">
              <value>
                <![CDATA[chrome]]>
              </value>
            </param>
          </params>
          <reporter-output>
          </reporter-output>
        </test-method> <!-- startup -->
        <test-method signature="TransactionBackButttonTest(java.lang.String)[pri:0, instance:TestCases.CustLoginTest@77128536]" started-at="2025-09-10T18:47:55 IST" name="TransactionBackButttonTest" data-provider="dp" finished-at="2025-09-10T18:47:58 IST" duration-ms="3775" status="PASS">
          <params>
            <param index="0">
              <value>
                <![CDATA[Hermoine Granger]]>
              </value>
            </param>
          </params>
          <reporter-output>
          </reporter-output>
        </test-method> <!-- TransactionBackButttonTest -->
        <test-method is-config="true" signature="finish()[pri:0, instance:TestCases.CustLoginTest@77128536]" started-at="2025-09-10T18:47:58 IST" name="finish" finished-at="2025-09-10T18:47:59 IST" duration-ms="307" status="PASS">
          <reporter-output>
          </reporter-output>
        </test-method> <!-- finish -->
        <test-method is-config="true" signature="startup(java.lang.String)[pri:0, instance:TestCases.CustLoginTest@77128536]" started-at="2025-09-10T18:47:59 IST" name="startup" finished-at="2025-09-10T18:48:02 IST" duration-ms="2926" status="PASS">
          <params>
            <param index="0">
              <value>
                <![CDATA[chrome]]>
              </value>
            </param>
          </params>
          <reporter-output>
          </reporter-output>
        </test-method> <!-- startup -->
        <test-method signature="TransactionBackButttonTest(java.lang.String)[pri:0, instance:TestCases.CustLoginTest@77128536]" started-at="2025-09-10T18:48:02 IST" name="TransactionBackButttonTest" data-provider="dp" finished-at="2025-09-10T18:48:06 IST" duration-ms="3772" status="PASS">
          <params>
            <param index="0">
              <value>
                <![CDATA[Harry Potter]]>
              </value>
            </param>
          </params>
          <reporter-output>
          </reporter-output>
        </test-method> <!-- TransactionBackButttonTest -->
        <test-method is-config="true" signature="finish()[pri:0, instance:TestCases.CustLoginTest@77128536]" started-at="2025-09-10T18:48:06 IST" name="finish" finished-at="2025-09-10T18:48:06 IST" duration-ms="363" status="PASS">
          <reporter-output>
          </reporter-output>
        </test-method> <!-- finish -->
        <test-method is-config="true" signature="startup(java.lang.String)[pri:0, instance:TestCases.CustLoginTest@77128536]" started-at="2025-09-10T18:48:06 IST" name="startup" finished-at="2025-09-10T18:48:09 IST" duration-ms="3325" status="PASS">
          <params>
            <param index="0">
              <value>
                <![CDATA[chrome]]>
              </value>
            </param>
          </params>
          <reporter-output>
          </reporter-output>
        </test-method> <!-- startup -->
        <test-method signature="TransactionBackButttonTest(java.lang.String)[pri:0, instance:TestCases.CustLoginTest@77128536]" started-at="2025-09-10T18:48:09 IST" name="TransactionBackButttonTest" data-provider="dp" finished-at="2025-09-10T18:48:13 IST" duration-ms="3458" status="PASS">
          <params>
            <param index="0">
              <value>
                <![CDATA[Ron Weasly]]>
              </value>
            </param>
          </params>
          <reporter-output>
          </reporter-output>
        </test-method> <!-- TransactionBackButttonTest -->
        <test-method is-config="true" signature="finish()[pri:0, instance:TestCases.CustLoginTest@77128536]" started-at="2025-09-10T18:48:13 IST" name="finish" finished-at="2025-09-10T18:48:13 IST" duration-ms="430" status="PASS">
          <reporter-output>
          </reporter-output>
        </test-method> <!-- finish -->
        <test-method is-config="true" signature="startup(java.lang.String)[pri:0, instance:TestCases.CustLoginTest@77128536]" started-at="2025-09-10T18:48:13 IST" name="startup" finished-at="2025-09-10T18:48:16 IST" duration-ms="2846" status="PASS">
          <params>
            <param index="0">
              <value>
                <![CDATA[chrome]]>
              </value>
            </param>
          </params>
          <reporter-output>
          </reporter-output>
        </test-method> <!-- startup -->
        <test-method signature="TransactionBackButttonTest(java.lang.String)[pri:0, instance:TestCases.CustLoginTest@77128536]" started-at="2025-09-10T18:48:16 IST" name="TransactionBackButttonTest" data-provider="dp" finished-at="2025-09-10T18:48:20 IST" duration-ms="3653" status="PASS">
          <params>
            <param index="0">
              <value>
                <![CDATA[Albus Dumbledore]]>
              </value>
            </param>
          </params>
          <reporter-output>
          </reporter-output>
        </test-method> <!-- TransactionBackButttonTest -->
        <test-method is-config="true" signature="finish()[pri:0, instance:TestCases.CustLoginTest@77128536]" started-at="2025-09-10T18:48:20 IST" name="finish" finished-at="2025-09-10T18:48:20 IST" duration-ms="327" status="PASS">
          <reporter-output>
          </reporter-output>
        </test-method> <!-- finish -->
        <test-method is-config="true" signature="startup(java.lang.String)[pri:0, instance:TestCases.CustLoginTest@77128536]" started-at="2025-09-10T18:48:20 IST" name="startup" finished-at="2025-09-10T18:48:23 IST" duration-ms="2761" status="PASS">
          <params>
            <param index="0">
              <value>
                <![CDATA[chrome]]>
              </value>
            </param>
          </params>
          <reporter-output>
          </reporter-output>
        </test-method> <!-- startup -->
        <test-method signature="TransactionBackButttonTest(java.lang.String)[pri:0, instance:TestCases.CustLoginTest@77128536]" started-at="2025-09-10T18:48:23 IST" name="TransactionBackButttonTest" data-provider="dp" finished-at="2025-09-10T18:48:27 IST" duration-ms="3906" status="PASS">
          <params>
            <param index="0">
              <value>
                <![CDATA[Neville Longbottom]]>
              </value>
            </param>
          </params>
          <reporter-output>
          </reporter-output>
        </test-method> <!-- TransactionBackButttonTest -->
        <test-method is-config="true" signature="finish()[pri:0, instance:TestCases.CustLoginTest@77128536]" started-at="2025-09-10T18:48:27 IST" name="finish" finished-at="2025-09-10T18:48:27 IST" duration-ms="381" status="PASS">
          <reporter-output>
          </reporter-output>
        </test-method> <!-- finish -->
        <test-method is-config="true" signature="startup(java.lang.String)[pri:0, instance:TestCases.CustLoginTest@77128536]" started-at="2025-09-10T18:48:27 IST" name="startup" finished-at="2025-09-10T18:48:30 IST" duration-ms="3121" status="PASS">
          <params>
            <param index="0">
              <value>
                <![CDATA[chrome]]>
              </value>
            </param>
          </params>
          <reporter-output>
          </reporter-output>
        </test-method> <!-- startup -->
        <test-method signature="afterLoginPageTest(java.lang.String)[pri:0, instance:TestCases.CustLoginTest@77128536]" started-at="2025-09-10T18:48:30 IST" name="afterLoginPageTest" data-provider="dp" finished-at="2025-09-10T18:48:32 IST" duration-ms="2244" status="PASS">
          <params>
            <param index="0">
              <value>
                <![CDATA[Hermoine Granger]]>
              </value>
            </param>
          </params>
          <reporter-output>
          </reporter-output>
        </test-method> <!-- afterLoginPageTest -->
        <test-method is-config="true" signature="finish()[pri:0, instance:TestCases.CustLoginTest@77128536]" started-at="2025-09-10T18:48:32 IST" name="finish" finished-at="2025-09-10T18:48:33 IST" duration-ms="612" status="PASS">
          <reporter-output>
          </reporter-output>
        </test-method> <!-- finish -->
        <test-method is-config="true" signature="startup(java.lang.String)[pri:0, instance:TestCases.CustLoginTest@77128536]" started-at="2025-09-10T18:48:33 IST" name="startup" finished-at="2025-09-10T18:48:36 IST" duration-ms="2865" status="PASS">
          <params>
            <param index="0">
              <value>
                <![CDATA[chrome]]>
              </value>
            </param>
          </params>
          <reporter-output>
          </reporter-output>
        </test-method> <!-- startup -->
        <test-method signature="afterLoginPageTest(java.lang.String)[pri:0, instance:TestCases.CustLoginTest@77128536]" started-at="2025-09-10T18:48:36 IST" name="afterLoginPageTest" data-provider="dp" finished-at="2025-09-10T18:48:38 IST" duration-ms="2284" status="PASS">
          <params>
            <param index="0">
              <value>
                <![CDATA[Harry Potter]]>
              </value>
            </param>
          </params>
          <reporter-output>
          </reporter-output>
        </test-method> <!-- afterLoginPageTest -->
        <test-method is-config="true" signature="finish()[pri:0, instance:TestCases.CustLoginTest@77128536]" started-at="2025-09-10T18:48:38 IST" name="finish" finished-at="2025-09-10T18:48:39 IST" duration-ms="468" status="PASS">
          <reporter-output>
          </reporter-output>
        </test-method> <!-- finish -->
        <test-method is-config="true" signature="startup(java.lang.String)[pri:0, instance:TestCases.CustLoginTest@77128536]" started-at="2025-09-10T18:48:39 IST" name="startup" finished-at="2025-09-10T18:48:41 IST" duration-ms="2544" status="PASS">
          <params>
            <param index="0">
              <value>
                <![CDATA[chrome]]>
              </value>
            </param>
          </params>
          <reporter-output>
          </reporter-output>
        </test-method> <!-- startup -->
        <test-method signature="afterLoginPageTest(java.lang.String)[pri:0, instance:TestCases.CustLoginTest@77128536]" started-at="2025-09-10T18:48:41 IST" name="afterLoginPageTest" data-provider="dp" finished-at="2025-09-10T18:48:43 IST" duration-ms="2269" status="PASS">
          <params>
            <param index="0">
              <value>
                <![CDATA[Ron Weasly]]>
              </value>
            </param>
          </params>
          <reporter-output>
          </reporter-output>
        </test-method> <!-- afterLoginPageTest -->
        <test-method is-config="true" signature="finish()[pri:0, instance:TestCases.CustLoginTest@77128536]" started-at="2025-09-10T18:48:43 IST" name="finish" finished-at="2025-09-10T18:48:44 IST" duration-ms="300" status="PASS">
          <reporter-output>
          </reporter-output>
        </test-method> <!-- finish -->
        <test-method is-config="true" signature="startup(java.lang.String)[pri:0, instance:TestCases.CustLoginTest@77128536]" started-at="2025-09-10T18:48:44 IST" name="startup" finished-at="2025-09-10T18:48:46 IST" duration-ms="2743" status="PASS">
          <params>
            <param index="0">
              <value>
                <![CDATA[chrome]]>
              </value>
            </param>
          </params>
          <reporter-output>
          </reporter-output>
        </test-method> <!-- startup -->
        <test-method signature="afterLoginPageTest(java.lang.String)[pri:0, instance:TestCases.CustLoginTest@77128536]" started-at="2025-09-10T18:48:46 IST" name="afterLoginPageTest" data-provider="dp" finished-at="2025-09-10T18:48:49 IST" duration-ms="2468" status="PASS">
          <params>
            <param index="0">
              <value>
                <![CDATA[Albus Dumbledore]]>
              </value>
            </param>
          </params>
          <reporter-output>
          </reporter-output>
        </test-method> <!-- afterLoginPageTest -->
        <test-method is-config="true" signature="finish()[pri:0, instance:TestCases.CustLoginTest@77128536]" started-at="2025-09-10T18:48:49 IST" name="finish" finished-at="2025-09-10T18:48:49 IST" duration-ms="362" status="PASS">
          <reporter-output>
          </reporter-output>
        </test-method> <!-- finish -->
        <test-method is-config="true" signature="startup(java.lang.String)[pri:0, instance:TestCases.CustLoginTest@77128536]" started-at="2025-09-10T18:48:49 IST" name="startup" finished-at="2025-09-10T18:48:52 IST" duration-ms="2665" status="PASS">
          <params>
            <param index="0">
              <value>
                <![CDATA[chrome]]>
              </value>
            </param>
          </params>
          <reporter-output>
          </reporter-output>
        </test-method> <!-- startup -->
        <test-method signature="afterLoginPageTest(java.lang.String)[pri:0, instance:TestCases.CustLoginTest@77128536]" started-at="2025-09-10T18:48:52 IST" name="afterLoginPageTest" data-provider="dp" finished-at="2025-09-10T18:48:55 IST" duration-ms="2745" status="PASS">
          <params>
            <param index="0">
              <value>
                <![CDATA[Neville Longbottom]]>
              </value>
            </param>
          </params>
          <reporter-output>
          </reporter-output>
        </test-method> <!-- afterLoginPageTest -->
        <test-method is-config="true" signature="finish()[pri:0, instance:TestCases.CustLoginTest@77128536]" started-at="2025-09-10T18:48:55 IST" name="finish" finished-at="2025-09-10T18:48:55 IST" duration-ms="331" status="PASS">
          <reporter-output>
          </reporter-output>
        </test-method> <!-- finish -->
        <test-method is-config="true" signature="startup(java.lang.String)[pri:0, instance:TestCases.CustLoginTest@77128536]" started-at="2025-09-10T18:48:55 IST" name="startup" finished-at="2025-09-10T18:48:58 IST" duration-ms="2922" status="PASS">
          <params>
            <param index="0">
              <value>
                <![CDATA[chrome]]>
              </value>
            </param>
          </params>
          <reporter-output>
          </reporter-output>
        </test-method> <!-- startup -->
        <test-method signature="depositTest(java.lang.String)[pri:0, instance:TestCases.CustLoginTest@77128536]" started-at="2025-09-10T18:48:58 IST" name="depositTest" data-provider="dp" finished-at="2025-09-10T18:49:02 IST" duration-ms="4397" status="PASS">
          <params>
            <param index="0">
              <value>
                <![CDATA[Hermoine Granger]]>
              </value>
            </param>
          </params>
          <reporter-output>
          </reporter-output>
        </test-method> <!-- depositTest -->
        <test-method is-config="true" signature="finish()[pri:0, instance:TestCases.CustLoginTest@77128536]" started-at="2025-09-10T18:49:02 IST" name="finish" finished-at="2025-09-10T18:49:03 IST" duration-ms="440" status="PASS">
          <reporter-output>
          </reporter-output>
        </test-method> <!-- finish -->
        <test-method is-config="true" signature="startup(java.lang.String)[pri:0, instance:TestCases.CustLoginTest@77128536]" started-at="2025-09-10T18:49:03 IST" name="startup" finished-at="2025-09-10T18:49:06 IST" duration-ms="3035" status="PASS">
          <params>
            <param index="0">
              <value>
                <![CDATA[chrome]]>
              </value>
            </param>
          </params>
          <reporter-output>
          </reporter-output>
        </test-method> <!-- startup -->
        <test-method signature="depositTest(java.lang.String)[pri:0, instance:TestCases.CustLoginTest@77128536]" started-at="2025-09-10T18:49:06 IST" name="depositTest" data-provider="dp" finished-at="2025-09-10T18:49:11 IST" duration-ms="4819" status="PASS">
          <params>
            <param index="0">
              <value>
                <![CDATA[Harry Potter]]>
              </value>
            </param>
          </params>
          <reporter-output>
          </reporter-output>
        </test-method> <!-- depositTest -->
        <test-method is-config="true" signature="finish()[pri:0, instance:TestCases.CustLoginTest@77128536]" started-at="2025-09-10T18:49:11 IST" name="finish" finished-at="2025-09-10T18:49:11 IST" duration-ms="372" status="PASS">
          <reporter-output>
          </reporter-output>
        </test-method> <!-- finish -->
        <test-method is-config="true" signature="startup(java.lang.String)[pri:0, instance:TestCases.CustLoginTest@77128536]" started-at="2025-09-10T18:49:11 IST" name="startup" finished-at="2025-09-10T18:49:14 IST" duration-ms="2629" status="PASS">
          <params>
            <param index="0">
              <value>
                <![CDATA[chrome]]>
              </value>
            </param>
          </params>
          <reporter-output>
          </reporter-output>
        </test-method> <!-- startup -->
        <test-method signature="depositTest(java.lang.String)[pri:0, instance:TestCases.CustLoginTest@77128536]" started-at="2025-09-10T18:49:14 IST" name="depositTest" data-provider="dp" finished-at="2025-09-10T18:49:18 IST" duration-ms="4384" status="PASS">
          <params>
            <param index="0">
              <value>
                <![CDATA[Ron Weasly]]>
              </value>
            </param>
          </params>
          <reporter-output>
          </reporter-output>
        </test-method> <!-- depositTest -->
        <test-method is-config="true" signature="finish()[pri:0, instance:TestCases.CustLoginTest@77128536]" started-at="2025-09-10T18:49:18 IST" name="finish" finished-at="2025-09-10T18:49:19 IST" duration-ms="393" status="PASS">
          <reporter-output>
          </reporter-output>
        </test-method> <!-- finish -->
        <test-method is-config="true" signature="startup(java.lang.String)[pri:0, instance:TestCases.CustLoginTest@77128536]" started-at="2025-09-10T18:49:19 IST" name="startup" finished-at="2025-09-10T18:49:21 IST" duration-ms="2749" status="PASS">
          <params>
            <param index="0">
              <value>
                <![CDATA[chrome]]>
              </value>
            </param>
          </params>
          <reporter-output>
          </reporter-output>
        </test-method> <!-- startup -->
        <test-method signature="depositTest(java.lang.String)[pri:0, instance:TestCases.CustLoginTest@77128536]" started-at="2025-09-10T18:49:21 IST" name="depositTest" data-provider="dp" finished-at="2025-09-10T18:49:26 IST" duration-ms="4655" status="PASS">
          <params>
            <param index="0">
              <value>
                <![CDATA[Albus Dumbledore]]>
              </value>
            </param>
          </params>
          <reporter-output>
          </reporter-output>
        </test-method> <!-- depositTest -->
        <test-method is-config="true" signature="finish()[pri:0, instance:TestCases.CustLoginTest@77128536]" started-at="2025-09-10T18:49:26 IST" name="finish" finished-at="2025-09-10T18:49:26 IST" duration-ms="450" status="PASS">
          <reporter-output>
          </reporter-output>
        </test-method> <!-- finish -->
        <test-method is-config="true" signature="startup(java.lang.String)[pri:0, instance:TestCases.CustLoginTest@77128536]" started-at="2025-09-10T18:49:26 IST" name="startup" finished-at="2025-09-10T18:49:30 IST" duration-ms="3577" status="PASS">
          <params>
            <param index="0">
              <value>
                <![CDATA[chrome]]>
              </value>
            </param>
          </params>
          <reporter-output>
          </reporter-output>
        </test-method> <!-- startup -->
        <test-method signature="depositTest(java.lang.String)[pri:0, instance:TestCases.CustLoginTest@77128536]" started-at="2025-09-10T18:49:30 IST" name="depositTest" data-provider="dp" finished-at="2025-09-10T18:49:34 IST" duration-ms="4219" status="PASS">
          <params>
            <param index="0">
              <value>
                <![CDATA[Neville Longbottom]]>
              </value>
            </param>
          </params>
          <reporter-output>
          </reporter-output>
        </test-method> <!-- depositTest -->
        <test-method is-config="true" signature="finish()[pri:0, instance:TestCases.CustLoginTest@77128536]" started-at="2025-09-10T18:49:34 IST" name="finish" finished-at="2025-09-10T18:49:35 IST" duration-ms="410" status="PASS">
          <reporter-output>
          </reporter-output>
        </test-method> <!-- finish -->
        <test-method is-config="true" signature="startup(java.lang.String)[pri:0, instance:TestCases.CustLoginTest@77128536]" started-at="2025-09-10T18:49:35 IST" name="startup" finished-at="2025-09-10T18:49:38 IST" duration-ms="3086" status="PASS">
          <params>
            <param index="0">
              <value>
                <![CDATA[chrome]]>
              </value>
            </param>
          </params>
          <reporter-output>
          </reporter-output>
        </test-method> <!-- startup -->
        <test-method signature="drpdownNameSelectionTest()[pri:0, instance:TestCases.CustLoginTest@77128536]" started-at="2025-09-10T18:49:38 IST" name="drpdownNameSelectionTest" finished-at="2025-09-10T18:49:41 IST" duration-ms="3762" status="PASS">
          <reporter-output>
          </reporter-output>
        </test-method> <!-- drpdownNameSelectionTest -->
        <test-method is-config="true" signature="finish()[pri:0, instance:TestCases.CustLoginTest@77128536]" started-at="2025-09-10T18:49:41 IST" name="finish" finished-at="2025-09-10T18:49:42 IST" duration-ms="345" status="PASS">
          <reporter-output>
          </reporter-output>
        </test-method> <!-- finish -->
        <test-method is-config="true" signature="startup(java.lang.String)[pri:0, instance:TestCases.CustLoginTest@77128536]" started-at="2025-09-10T18:49:42 IST" name="startup" finished-at="2025-09-10T18:49:45 IST" duration-ms="2875" status="PASS">
          <params>
            <param index="0">
              <value>
                <![CDATA[chrome]]>
              </value>
            </param>
          </params>
          <reporter-output>
          </reporter-output>
        </test-method> <!-- startup -->
        <test-method signature="transactionTableTest(java.lang.String)[pri:0, instance:TestCases.CustLoginTest@77128536]" started-at="2025-09-10T18:49:45 IST" name="transactionTableTest" data-provider="dp" finished-at="2025-09-10T18:49:48 IST" duration-ms="3512" status="PASS">
          <params>
            <param index="0">
              <value>
                <![CDATA[Hermoine Granger]]>
              </value>
            </param>
          </params>
          <reporter-output>
          </reporter-output>
        </test-method> <!-- transactionTableTest -->
        <test-method is-config="true" signature="finish()[pri:0, instance:TestCases.CustLoginTest@77128536]" started-at="2025-09-10T18:49:48 IST" name="finish" finished-at="2025-09-10T18:49:49 IST" duration-ms="330" status="PASS">
          <reporter-output>
          </reporter-output>
        </test-method> <!-- finish -->
        <test-method is-config="true" signature="startup(java.lang.String)[pri:0, instance:TestCases.CustLoginTest@77128536]" started-at="2025-09-10T18:49:49 IST" name="startup" finished-at="2025-09-10T18:49:51 IST" duration-ms="2784" status="PASS">
          <params>
            <param index="0">
              <value>
                <![CDATA[chrome]]>
              </value>
            </param>
          </params>
          <reporter-output>
          </reporter-output>
        </test-method> <!-- startup -->
        <test-method signature="transactionTableTest(java.lang.String)[pri:0, instance:TestCases.CustLoginTest@77128536]" started-at="2025-09-10T18:49:51 IST" name="transactionTableTest" data-provider="dp" finished-at="2025-09-10T18:49:55 IST" duration-ms="3738" status="PASS">
          <params>
            <param index="0">
              <value>
                <![CDATA[Harry Potter]]>
              </value>
            </param>
          </params>
          <reporter-output>
          </reporter-output>
        </test-method> <!-- transactionTableTest -->
        <test-method is-config="true" signature="finish()[pri:0, instance:TestCases.CustLoginTest@77128536]" started-at="2025-09-10T18:49:55 IST" name="finish" finished-at="2025-09-10T18:49:55 IST" duration-ms="400" status="PASS">
          <reporter-output>
          </reporter-output>
        </test-method> <!-- finish -->
        <test-method is-config="true" signature="startup(java.lang.String)[pri:0, instance:TestCases.CustLoginTest@77128536]" started-at="2025-09-10T18:49:55 IST" name="startup" finished-at="2025-09-10T18:49:58 IST" duration-ms="2816" status="PASS">
          <params>
            <param index="0">
              <value>
                <![CDATA[chrome]]>
              </value>
            </param>
          </params>
          <reporter-output>
          </reporter-output>
        </test-method> <!-- startup -->
        <test-method signature="transactionTableTest(java.lang.String)[pri:0, instance:TestCases.CustLoginTest@77128536]" started-at="2025-09-10T18:49:58 IST" name="transactionTableTest" data-provider="dp" finished-at="2025-09-10T18:50:01 IST" duration-ms="3198" status="PASS">
          <params>
            <param index="0">
              <value>
                <![CDATA[Ron Weasly]]>
              </value>
            </param>
          </params>
          <reporter-output>
          </reporter-output>
        </test-method> <!-- transactionTableTest -->
        <test-method is-config="true" signature="finish()[pri:0, instance:TestCases.CustLoginTest@77128536]" started-at="2025-09-10T18:50:01 IST" name="finish" finished-at="2025-09-10T18:50:02 IST" duration-ms="279" status="PASS">
          <reporter-output>
          </reporter-output>
        </test-method> <!-- finish -->
        <test-method is-config="true" signature="startup(java.lang.String)[pri:0, instance:TestCases.CustLoginTest@77128536]" started-at="2025-09-10T18:50:02 IST" name="startup" finished-at="2025-09-10T18:50:05 IST" duration-ms="3196" status="PASS">
          <params>
            <param index="0">
              <value>
                <![CDATA[chrome]]>
              </value>
            </param>
          </params>
          <reporter-output>
          </reporter-output>
        </test-method> <!-- startup -->
        <test-method signature="transactionTableTest(java.lang.String)[pri:0, instance:TestCases.CustLoginTest@77128536]" started-at="2025-09-10T18:50:05 IST" name="transactionTableTest" data-provider="dp" finished-at="2025-09-10T18:50:09 IST" duration-ms="3690" status="PASS">
          <params>
            <param index="0">
              <value>
                <![CDATA[Albus Dumbledore]]>
              </value>
            </param>
          </params>
          <reporter-output>
          </reporter-output>
        </test-method> <!-- transactionTableTest -->
        <test-method is-config="true" signature="finish()[pri:0, instance:TestCases.CustLoginTest@77128536]" started-at="2025-09-10T18:50:09 IST" name="finish" finished-at="2025-09-10T18:50:09 IST" duration-ms="397" status="PASS">
          <reporter-output>
          </reporter-output>
        </test-method> <!-- finish -->
        <test-method is-config="true" signature="startup(java.lang.String)[pri:0, instance:TestCases.CustLoginTest@77128536]" started-at="2025-09-10T18:50:09 IST" name="startup" finished-at="2025-09-10T18:50:12 IST" duration-ms="2748" status="PASS">
          <params>
            <param index="0">
              <value>
                <![CDATA[chrome]]>
              </value>
            </param>
          </params>
          <reporter-output>
          </reporter-output>
        </test-method> <!-- startup -->
        <test-method signature="transactionTableTest(java.lang.String)[pri:0, instance:TestCases.CustLoginTest@77128536]" started-at="2025-09-10T18:50:12 IST" name="transactionTableTest" data-provider="dp" finished-at="2025-09-10T18:50:15 IST" duration-ms="3141" status="PASS">
          <params>
            <param index="0">
              <value>
                <![CDATA[Neville Longbottom]]>
              </value>
            </param>
          </params>
          <reporter-output>
          </reporter-output>
        </test-method> <!-- transactionTableTest -->
        <test-method is-config="true" signature="finish()[pri:0, instance:TestCases.CustLoginTest@77128536]" started-at="2025-09-10T18:50:15 IST" name="finish" finished-at="2025-09-10T18:50:15 IST" duration-ms="277" status="PASS">
          <reporter-output>
          </reporter-output>
        </test-method> <!-- finish -->
        <test-method is-config="true" signature="startup(java.lang.String)[pri:0, instance:TestCases.CustLoginTest@77128536]" started-at="2025-09-10T18:50:15 IST" name="startup" finished-at="2025-09-10T18:50:20 IST" duration-ms="5048" status="PASS">
          <params>
            <param index="0">
              <value>
                <![CDATA[chrome]]>
              </value>
            </param>
          </params>
          <reporter-output>
          </reporter-output>
        </test-method> <!-- startup -->
        <test-method signature="withdrawTest(java.lang.String)[pri:0, instance:TestCases.CustLoginTest@77128536]" started-at="2025-09-10T18:50:20 IST" name="withdrawTest" data-provider="dp" finished-at="2025-09-10T18:50:25 IST" duration-ms="4651" status="PASS">
          <params>
            <param index="0">
              <value>
                <![CDATA[Hermoine Granger]]>
              </value>
            </param>
          </params>
          <reporter-output>
          </reporter-output>
        </test-method> <!-- withdrawTest -->
        <test-method is-config="true" signature="finish()[pri:0, instance:TestCases.CustLoginTest@77128536]" started-at="2025-09-10T18:50:25 IST" name="finish" finished-at="2025-09-10T18:50:25 IST" duration-ms="337" status="PASS">
          <reporter-output>
          </reporter-output>
        </test-method> <!-- finish -->
        <test-method is-config="true" signature="startup(java.lang.String)[pri:0, instance:TestCases.CustLoginTest@77128536]" started-at="2025-09-10T18:50:25 IST" name="startup" finished-at="2025-09-10T18:50:28 IST" duration-ms="2705" status="PASS">
          <params>
            <param index="0">
              <value>
                <![CDATA[chrome]]>
              </value>
            </param>
          </params>
          <reporter-output>
          </reporter-output>
        </test-method> <!-- startup -->
        <test-method signature="withdrawTest(java.lang.String)[pri:0, instance:TestCases.CustLoginTest@77128536]" started-at="2025-09-10T18:50:28 IST" name="withdrawTest" data-provider="dp" finished-at="2025-09-10T18:50:33 IST" duration-ms="4619" status="PASS">
          <params>
            <param index="0">
              <value>
                <![CDATA[Harry Potter]]>
              </value>
            </param>
          </params>
          <reporter-output>
          </reporter-output>
        </test-method> <!-- withdrawTest -->
        <test-method is-config="true" signature="finish()[pri:0, instance:TestCases.CustLoginTest@77128536]" started-at="2025-09-10T18:50:33 IST" name="finish" finished-at="2025-09-10T18:50:33 IST" duration-ms="285" status="PASS">
          <reporter-output>
          </reporter-output>
        </test-method> <!-- finish -->
        <test-method is-config="true" signature="startup(java.lang.String)[pri:0, instance:TestCases.CustLoginTest@77128536]" started-at="2025-09-10T18:50:33 IST" name="startup" finished-at="2025-09-10T18:50:36 IST" duration-ms="2719" status="PASS">
          <params>
            <param index="0">
              <value>
                <![CDATA[chrome]]>
              </value>
            </param>
          </params>
          <reporter-output>
          </reporter-output>
        </test-method> <!-- startup -->
        <test-method signature="withdrawTest(java.lang.String)[pri:0, instance:TestCases.CustLoginTest@77128536]" started-at="2025-09-10T18:50:36 IST" name="withdrawTest" data-provider="dp" finished-at="2025-09-10T18:50:41 IST" duration-ms="5318" status="PASS">
          <params>
            <param index="0">
              <value>
                <![CDATA[Ron Weasly]]>
              </value>
            </param>
          </params>
          <reporter-output>
          </reporter-output>
        </test-method> <!-- withdrawTest -->
        <test-method is-config="true" signature="finish()[pri:0, instance:TestCases.CustLoginTest@77128536]" started-at="2025-09-10T18:50:41 IST" name="finish" finished-at="2025-09-10T18:50:41 IST" duration-ms="381" status="PASS">
          <reporter-output>
          </reporter-output>
        </test-method> <!-- finish -->
        <test-method is-config="true" signature="startup(java.lang.String)[pri:0, instance:TestCases.CustLoginTest@77128536]" started-at="2025-09-10T18:50:41 IST" name="startup" finished-at="2025-09-10T18:50:44 IST" duration-ms="2639" status="PASS">
          <params>
            <param index="0">
              <value>
                <![CDATA[chrome]]>
              </value>
            </param>
          </params>
          <reporter-output>
          </reporter-output>
        </test-method> <!-- startup -->
        <test-method signature="withdrawTest(java.lang.String)[pri:0, instance:TestCases.CustLoginTest@77128536]" started-at="2025-09-10T18:50:44 IST" name="withdrawTest" data-provider="dp" finished-at="2025-09-10T18:50:49 IST" duration-ms="5427" status="PASS">
          <params>
            <param index="0">
              <value>
                <![CDATA[Albus Dumbledore]]>
              </value>
            </param>
          </params>
          <reporter-output>
          </reporter-output>
        </test-method> <!-- withdrawTest -->
        <test-method is-config="true" signature="finish()[pri:0, instance:TestCases.CustLoginTest@77128536]" started-at="2025-09-10T18:50:49 IST" name="finish" finished-at="2025-09-10T18:50:50 IST" duration-ms="299" status="PASS">
          <reporter-output>
          </reporter-output>
        </test-method> <!-- finish -->
        <test-method is-config="true" signature="startup(java.lang.String)[pri:0, instance:TestCases.CustLoginTest@77128536]" started-at="2025-09-10T18:50:50 IST" name="startup" finished-at="2025-09-10T18:50:52 IST" duration-ms="2611" status="PASS">
          <params>
            <param index="0">
              <value>
                <![CDATA[chrome]]>
              </value>
            </param>
          </params>
          <reporter-output>
          </reporter-output>
        </test-method> <!-- startup -->
        <test-method signature="withdrawTest(java.lang.String)[pri:0, instance:TestCases.CustLoginTest@77128536]" started-at="2025-09-10T18:50:52 IST" name="withdrawTest" data-provider="dp" finished-at="2025-09-10T18:50:58 IST" duration-ms="5373" status="PASS">
          <params>
            <param index="0">
              <value>
                <![CDATA[Neville Longbottom]]>
              </value>
            </param>
          </params>
          <reporter-output>
          </reporter-output>
        </test-method> <!-- withdrawTest -->
        <test-method is-config="true" signature="finish()[pri:0, instance:TestCases.CustLoginTest@77128536]" started-at="2025-09-10T18:50:58 IST" name="finish" finished-at="2025-09-10T18:50:58 IST" duration-ms="302" status="PASS">
          <reporter-output>
          </reporter-output>
        </test-method> <!-- finish -->
        <test-method is-config="true" signature="startup(java.lang.String)[pri:0, instance:TestCases.CustLoginTest@77128536]" started-at="2025-09-10T18:50:58 IST" name="startup" finished-at="2025-09-10T18:51:01 IST" duration-ms="2578" status="PASS">
          <params>
            <param index="0">
              <value>
                <![CDATA[chrome]]>
              </value>
            </param>
          </params>
          <reporter-output>
          </reporter-output>
        </test-method> <!-- startup -->
        <test-method signature="checkCustomerButton()[pri:1, instance:TestCases.CustLoginTest@77128536]" started-at="2025-09-10T18:51:01 IST" name="checkCustomerButton" finished-at="2025-09-10T18:51:01 IST" duration-ms="711" status="PASS">
          <reporter-output>
          </reporter-output>
        </test-method> <!-- checkCustomerButton -->
        <test-method is-config="true" signature="finish()[pri:0, instance:TestCases.CustLoginTest@77128536]" started-at="2025-09-10T18:51:01 IST" name="finish" finished-at="2025-09-10T18:51:02 IST" duration-ms="274" status="PASS">
          <reporter-output>
          </reporter-output>
        </test-method> <!-- finish -->
        <test-method is-config="true" signature="startup(java.lang.String)[pri:0, instance:TestCases.CustLoginTest@77128536]" started-at="2025-09-10T18:51:02 IST" name="startup" finished-at="2025-09-10T18:51:04 IST" duration-ms="2666" status="PASS">
          <params>
            <param index="0">
              <value>
                <![CDATA[chrome]]>
              </value>
            </param>
          </params>
          <reporter-output>
          </reporter-output>
        </test-method> <!-- startup -->
        <test-method signature="drpDownSizeTest()[pri:2, instance:TestCases.CustLoginTest@77128536]" started-at="2025-09-10T18:51:04 IST" name="drpDownSizeTest" finished-at="2025-09-10T18:51:05 IST" duration-ms="807" status="PASS">
          <reporter-output>
          </reporter-output>
        </test-method> <!-- drpDownSizeTest -->
        <test-method is-config="true" signature="finish()[pri:0, instance:TestCases.CustLoginTest@77128536]" started-at="2025-09-10T18:51:05 IST" name="finish" finished-at="2025-09-10T18:51:05 IST" duration-ms="244" status="PASS">
          <reporter-output>
          </reporter-output>
        </test-method> <!-- finish -->
        <test-method is-config="true" signature="startup(java.lang.String)[pri:0, instance:TestCases.CustLoginTest@77128536]" started-at="2025-09-10T18:51:05 IST" name="startup" finished-at="2025-09-10T18:51:08 IST" duration-ms="2489" status="PASS">
          <params>
            <param index="0">
              <value>
                <![CDATA[chrome]]>
              </value>
            </param>
          </params>
          <reporter-output>
          </reporter-output>
        </test-method> <!-- startup -->
        <test-method signature="drpDownNamesTest()[pri:3, instance:TestCases.CustLoginTest@77128536]" started-at="2025-09-10T18:51:08 IST" name="drpDownNamesTest" finished-at="2025-09-10T18:51:09 IST" duration-ms="854" status="PASS">
          <reporter-output>
          </reporter-output>
        </test-method> <!-- drpDownNamesTest -->
        <test-method is-config="true" signature="finish()[pri:0, instance:TestCases.CustLoginTest@77128536]" started-at="2025-09-10T18:51:09 IST" name="finish" finished-at="2025-09-10T18:51:09 IST" duration-ms="252" status="PASS">
          <reporter-output>
          </reporter-output>
        </test-method> <!-- finish -->
      </class> <!-- TestCases.CustLoginTest -->
      <class name="TestCases.HomePageTest">
        <test-method is-config="true" signature="initialize(java.lang.String)[pri:0, instance:TestCases.HomePageTest@30e868be]" started-at="2025-09-10T18:45:45 IST" name="initialize" finished-at="2025-09-10T18:45:48 IST" duration-ms="2520" status="PASS">
          <params>
            <param index="0">
              <value>
                <![CDATA[chrome]]>
              </value>
            </param>
          </params>
          <reporter-output>
          </reporter-output>
        </test-method> <!-- initialize -->
        <test-method signature="buttonsCheck()[pri:0, instance:TestCases.HomePageTest@30e868be]" started-at="2025-09-10T18:45:48 IST" name="buttonsCheck" finished-at="2025-09-10T18:45:48 IST" duration-ms="200" status="PASS">
          <reporter-output>
          </reporter-output>
        </test-method> <!-- buttonsCheck -->
        <test-method is-config="true" signature="tearDown()[pri:0, instance:TestCases.HomePageTest@30e868be]" started-at="2025-09-10T18:45:48 IST" name="tearDown" finished-at="2025-09-10T18:45:48 IST" duration-ms="254" status="PASS">
          <reporter-output>
          </reporter-output>
        </test-method> <!-- tearDown -->
        <test-method is-config="true" signature="initialize(java.lang.String)[pri:0, instance:TestCases.HomePageTest@30e868be]" started-at="2025-09-10T18:45:48 IST" name="initialize" finished-at="2025-09-10T18:45:51 IST" duration-ms="2858" status="PASS">
          <params>
            <param index="0">
              <value>
                <![CDATA[chrome]]>
              </value>
            </param>
          </params>
          <reporter-output>
          </reporter-output>
        </test-method> <!-- initialize -->
        <test-method signature="custLogin()[pri:0, instance:TestCases.HomePageTest@30e868be]" started-at="2025-09-10T18:45:51 IST" name="custLogin" finished-at="2025-09-10T18:45:52 IST" duration-ms="689" status="PASS">
          <reporter-output>
          </reporter-output>
        </test-method> <!-- custLogin -->
        <test-method is-config="true" signature="tearDown()[pri:0, instance:TestCases.HomePageTest@30e868be]" started-at="2025-09-10T18:45:52 IST" name="tearDown" finished-at="2025-09-10T18:45:52 IST" duration-ms="273" status="PASS">
          <reporter-output>
          </reporter-output>
        </test-method> <!-- tearDown -->
        <test-method is-config="true" signature="initialize(java.lang.String)[pri:0, instance:TestCases.HomePageTest@30e868be]" started-at="2025-09-10T18:45:52 IST" name="initialize" finished-at="2025-09-10T18:45:58 IST" duration-ms="6088" status="PASS">
          <params>
            <param index="0">
              <value>
                <![CDATA[chrome]]>
              </value>
            </param>
          </params>
          <reporter-output>
          </reporter-output>
        </test-method> <!-- initialize -->
        <test-method signature="home()[pri:0, instance:TestCases.HomePageTest@30e868be]" started-at="2025-09-10T18:45:58 IST" name="home" finished-at="2025-09-10T18:45:58 IST" duration-ms="127" status="PASS">
          <reporter-output>
          </reporter-output>
        </test-method> <!-- home -->
        <test-method is-config="true" signature="tearDown()[pri:0, instance:TestCases.HomePageTest@30e868be]" started-at="2025-09-10T18:45:58 IST" name="tearDown" finished-at="2025-09-10T18:45:58 IST" duration-ms="208" status="PASS">
          <reporter-output>
          </reporter-output>
        </test-method> <!-- tearDown -->
        <test-method is-config="true" signature="initialize(java.lang.String)[pri:0, instance:TestCases.HomePageTest@30e868be]" started-at="2025-09-10T18:45:58 IST" name="initialize" finished-at="2025-09-10T18:46:01 IST" duration-ms="2342" status="PASS">
          <params>
            <param index="0">
              <value>
                <![CDATA[chrome]]>
              </value>
            </param>
          </params>
          <reporter-output>
          </reporter-output>
        </test-method> <!-- initialize -->
        <test-method signature="lifeTimeMembership()[pri:0, instance:TestCases.HomePageTest@30e868be]" started-at="2025-09-10T18:46:01 IST" name="lifeTimeMembership" finished-at="2025-09-10T18:46:02 IST" duration-ms="1408" status="PASS">
          <reporter-output>
          </reporter-output>
        </test-method> <!-- lifeTimeMembership -->
        <test-method is-config="true" signature="tearDown()[pri:0, instance:TestCases.HomePageTest@30e868be]" started-at="2025-09-10T18:46:02 IST" name="tearDown" finished-at="2025-09-10T18:46:03 IST" duration-ms="303" status="PASS">
          <reporter-output>
          </reporter-output>
        </test-method> <!-- tearDown -->
        <test-method is-config="true" signature="initialize(java.lang.String)[pri:0, instance:TestCases.HomePageTest@30e868be]" started-at="2025-09-10T18:46:03 IST" name="initialize" finished-at="2025-09-10T18:46:05 IST" duration-ms="2694" status="PASS">
          <params>
            <param index="0">
              <value>
                <![CDATA[chrome]]>
              </value>
            </param>
          </params>
          <reporter-output>
          </reporter-output>
        </test-method> <!-- initialize -->
        <test-method signature="mngrLogin()[pri:0, instance:TestCases.HomePageTest@30e868be]" started-at="2025-09-10T18:46:05 IST" name="mngrLogin" finished-at="2025-09-10T18:46:06 IST" duration-ms="741" status="PASS">
          <reporter-output>
          </reporter-output>
        </test-method> <!-- mngrLogin -->
        <test-method is-config="true" signature="tearDown()[pri:0, instance:TestCases.HomePageTest@30e868be]" started-at="2025-09-10T18:46:06 IST" name="tearDown" finished-at="2025-09-10T18:46:06 IST" duration-ms="285" status="PASS">
          <reporter-output>
          </reporter-output>
        </test-method> <!-- tearDown -->
      </class> <!-- TestCases.HomePageTest -->
      <class name="TestCases.TestLifeTimeMembership">
        <test-method is-config="true" signature="startup(java.lang.String)[pri:0, instance:TestCases.TestLifeTimeMembership@66c92293]" started-at="2025-09-10T18:45:22 IST" name="startup" finished-at="2025-09-10T18:45:27 IST" duration-ms="5254" status="PASS">
          <params>
            <param index="0">
              <value>
                <![CDATA[chrome]]>
              </value>
            </param>
          </params>
          <reporter-output>
          </reporter-output>
        </test-method> <!-- startup -->
        <test-method signature="pageNavigationTest()[pri:0, instance:TestCases.TestLifeTimeMembership@66c92293]" started-at="2025-09-10T18:46:06 IST" name="pageNavigationTest" finished-at="2025-09-10T18:46:06 IST" duration-ms="6" status="FAIL">
          <exception class="java.lang.AssertionError">
            <message>
              <![CDATA[null]]>
            </message>
            <full-stacktrace>
              <![CDATA[java.lang.AssertionError: null
at org.testng.Assert.fail(Assert.java:111)
at org.testng.Assert.fail(Assert.java:116)
at TestCases.TestLifeTimeMembership.pageNavigationTest(TestLifeTimeMembership.java:45)
at java.base/jdk.internal.reflect.DirectMethodHandleAccessor.invoke(DirectMethodHandleAccessor.java:103)
at java.base/java.lang.reflect.Method.invoke(Method.java:580)
at org.testng.internal.invokers.MethodInvocationHelper.invokeMethod(MethodInvocationHelper.java:141)
at org.testng.internal.invokers.TestInvoker.invokeMethod(TestInvoker.java:687)
at org.testng.internal.invokers.TestInvoker.invokeTestMethod(TestInvoker.java:230)
at org.testng.internal.invokers.MethodRunner.runInSequence(MethodRunner.java:63)
at org.testng.internal.invokers.TestInvoker$MethodInvocationAgent.invoke(TestInvoker.java:995)
at org.testng.internal.invokers.TestInvoker.invokeTestMethods(TestInvoker.java:203)
at org.testng.internal.invokers.TestMethodWorker.invokeTestMethods(TestMethodWorker.java:154)
at org.testng.internal.invokers.TestMethodWorker.run(TestMethodWorker.java:134)
at java.base/java.util.ArrayList.forEach(ArrayList.java:1596)
at org.testng.TestRunner.privateRun(TestRunner.java:741)
at org.testng.TestRunner.run(TestRunner.java:616)
at org.testng.SuiteRunner.runTest(SuiteRunner.java:421)
at org.testng.SuiteRunner.runSequentially(SuiteRunner.java:413)
at org.testng.SuiteRunner.privateRun(SuiteRunner.java:373)
at org.testng.SuiteRunner.run(SuiteRunner.java:312)
at org.testng.SuiteRunnerWorker.runSuite(SuiteRunnerWorker.java:52)
at org.testng.SuiteRunnerWorker.run(SuiteRunnerWorker.java:95)
at org.testng.TestNG.runSuitesSequentially(TestNG.java:1274)
at org.testng.TestNG.runSuitesLocally(TestNG.java:1208)
at org.testng.TestNG.runSuites(TestNG.java:1112)
at org.testng.TestNG.run(TestNG.java:1079)
[...]
          <reporter-output>
          </reporter-output>
        </test-method> <!-- finish -->
        <test-method is-config="true" signature="startup(java.lang.String)[pri:0, instance:TestCases.CustLoginTest@34158c08]" started-at="2025-09-10T19:10:54 IST" name="startup" finished-at="2025-09-10T19:10:59 IST" duration-ms="4533" status="PASS">
          <params>
            <param index="0">
              <value>
                <![CDATA[firefox]]>
              </value>
            </param>
          </params>
          <reporter-output>
          </reporter-output>
        </test-method> <!-- startup -->
        <test-method signature="checkCustomerButton()[pri:1, instance:TestCases.CustLoginTest@34158c08]" started-at="2025-09-10T19:10:59 IST" name="checkCustomerButton" finished-at="2025-09-10T19:11:00 IST" duration-ms="657" status="PASS">
          <reporter-output>
          </reporter-output>
        </test-method> <!-- checkCustomerButton -->
        <test-method is-config="true" signature="finish()[pri:0, instance:TestCases.CustLoginTest@34158c08]" started-at="2025-09-10T19:11:00 IST" name="finish" finished-at="2025-09-10T19:11:01 IST" duration-ms="1664" status="PASS">
          <reporter-output>
          </reporter-output>
        </test-method> <!-- finish -->
        <test-method is-config="true" signature="startup(java.lang.String)[pri:0, instance:TestCases.CustLoginTest@34158c08]" started-at="2025-09-10T19:11:01 IST" name="startup" finished-at="2025-09-10T19:11:06 IST" duration-ms="4666" status="PASS">
          <params>
            <param index="0">
              <value>
                <![CDATA[firefox]]>
              </value>
            </param>
          </params>
          <reporter-output>
          </reporter-output>
        </test-method> <!-- startup -->
        <test-method signature="drpDownSizeTest()[pri:2, instance:TestCases.CustLoginTest@34158c08]" started-at="2025-09-10T19:11:06 IST" name="drpDownSizeTest" finished-at="2025-09-10T19:11:07 IST" duration-ms="789" status="PASS">
          <reporter-output>
          </reporter-output>
        </test-method> <!-- drpDownSizeTest -->
        <test-method is-config="true" signature="finish()[pri:0, instance:TestCases.CustLoginTest@34158c08]" started-at="2025-09-10T19:11:07 IST" name="finish" finished-at="2025-09-10T19:11:10 IST" duration-ms="3312" status="PASS">
          <reporter-output>
          </reporter-output>
        </test-method> <!-- finish -->
        <test-method is-config="true" signature="startup(java.lang.String)[pri:0, instance:TestCases.CustLoginTest@34158c08]" started-at="2025-09-10T19:11:10 IST" name="startup" finished-at="2025-09-10T19:11:21 IST" duration-ms="11201" status="PASS">
          <params>
            <param index="0">
              <value>
                <![CDATA[firefox]]>
              </value>
            </param>
          </params>
          <reporter-output>
          </reporter-output>
        </test-method> <!-- startup -->
        <test-method signature="drpDownNamesTest()[pri:3, instance:TestCases.CustLoginTest@34158c08]" started-at="2025-09-10T19:11:21 IST" name="drpDownNamesTest" finished-at="2025-09-10T19:11:23 IST" duration-ms="1260" status="PASS">
          <reporter-output>
          </reporter-output>
        </test-method> <!-- drpDownNamesTest -->
        <test-method is-config="true" signature="finish()[pri:0, instance:TestCases.CustLoginTest@34158c08]" started-at="2025-09-10T19:11:23 IST" name="finish" finished-at="2025-09-10T19:11:25 IST" duration-ms="2860" status="PASS">
          <reporter-output>
          </reporter-output>
        </test-method> <!-- finish -->
      </class> <!-- TestCases.CustLoginTest -->
      <class name="TestCases.HomePageTest">
        <test-method is-config="true" signature="initialize(java.lang.String)[pri:0, instance:TestCases.HomePageTest@336f1079]" started-at="2025-09-10T18:51:53 IST" name="initialize" finished-at="2025-09-10T18:52:00 IST" duration-ms="6612" status="PASS">
          <params>
            <param index="0">
              <value>
                <![CDATA[firefox]]>
              </value>
            </param>
          </params>
          <reporter-output>
          </reporter-output>
        </test-method> <!-- initialize -->
        <test-method signature="buttonsCheck()[pri:0, instance:TestCases.HomePageTest@336f1079]" started-at="2025-09-10T18:52:00 IST" name="buttonsCheck" finished-at="2025-09-10T18:52:00 IST" duration-ms="334" status="PASS">
          <reporter-output>
          </reporter-output>
        </test-method> <!-- buttonsCheck -->
        <test-method is-config="true" signature="tearDown()[pri:0, instance:TestCases.HomePageTest@336f1079]" started-at="2025-09-10T18:52:00 IST" name="tearDown" finished-at="2025-09-10T18:52:02 IST" duration-ms="1639" status="PASS">
          <reporter-output>
          </reporter-output>
        </test-method> <!-- tearDown -->
        <test-method is-config="true" signature="initialize(java.lang.String)[pri:0, instance:TestCases.HomePageTest@336f1079]" started-at="2025-09-10T18:52:02 IST" name="initialize" finished-at="2025-09-10T18:52:07 IST" duration-ms="5294" status="PASS">
          <params>
            <param index="0">
              <value>
                <![CDATA[firefox]]>
              </value>
            </param>
          </params>
          <reporter-output>
          </reporter-output>
        </test-method> <!-- initialize -->
        <test-method signature="custLogin()[pri:0, instance:TestCases.HomePageTest@336f1079]" started-at="2025-09-10T18:52:07 IST" name="custLogin" finished-at="2025-09-10T18:52:08 IST" duration-ms="765" status="PASS">
          <reporter-output>
          </reporter-output>
        </test-method> <!-- custLogin -->
        <test-method is-config="true" signature="tearDown()[pri:0, instance:TestCases.HomePageTest@336f1079]" started-at="2025-09-10T18:52:08 IST" name="tearDown" finished-at="2025-09-10T18:52:11 IST" duration-ms="3090" status="PASS">
          <reporter-output>
          </reporter-output>
        </test-method> <!-- tearDown -->
        <test-method is-config="true" signature="initialize(java.lang.String)[pri:0, instance:TestCases.HomePageTest@336f1079]" started-at="2025-09-10T18:52:11 IST" name="initialize" finished-at="2025-09-10T18:53:17 IST" duration-ms="65587" status="PASS">
          <params>
            <param index="0">
              <value>
                <![CDATA[firefox]]>
              </value>
            </param>
          </params>
          <reporter-output>
          </reporter-output>
        </test-method> <!-- initialize -->
        <test-method signature="home()[pri:0, instance:TestCases.HomePageTest@336f1079]" started-at="2025-09-10T18:53:17 IST" name="home" finished-at="2025-09-10T18:53:18 IST" duration-ms="1169" status="PASS">
          <reporter-output>
          </reporter-output>
        </test-method> <!-- home -->
        <test-method is-config="true" signature="tearDown()[pri:0, instance:TestCases.HomePageTest@336f1079]" started-at="2025-09-10T18:53:18 IST" name="tearDown" finished-at="2025-09-10T18:53:19 IST" duration-ms="1047" status="PASS">
          <reporter-output>
          </reporter-output>
        </test-method> <!-- tearDown -->
        <test-method is-config="true" signature="initialize(java.lang.String)[pri:0, instance:TestCases.HomePageTest@336f1079]" started-at="2025-09-10T18:53:19 IST" name="initialize" finished-at="2025-09-10T18:53:24 IST" duration-ms="4845" status="PASS">
          <params>
            <param index="0">
              <value>
                <![CDATA[firefox]]>
              </value>
            </param>
          </params>
          <reporter-output>
          </reporter-output>
        </test-method> <!-- initialize -->
        <test-method signature="lifeTimeMembership()[pri:0, instance:TestCases.HomePageTest@336f1079]" started-at="2025-09-10T18:53:24 IST" name="lifeTimeMembership" finished-at="2025-09-10T18:53:25 IST" duration-ms="1573" status="PASS">
          <reporter-output>
          </reporter-output>
        </test-method> <!-- lifeTimeMembership -->
        <test-method is-config="true" signature="tearDown()[pri:0, instance:TestCases.HomePageTest@336f1079]" started-at="2025-09-10T18:53:25 IST" name="tearDown" finished-at="2025-09-10T18:53:27 IST" duration-ms="1738" status="PASS">
          <reporter-output>
          </reporter-output>
        </test-method> <!-- tearDown -->
        <test-method is-config="true" signature="initialize(java.lang.String)[pri:0, instance:TestCases.HomePageTest@336f1079]" started-at="2025-09-10T18:53:27 IST" name="initialize" finished-at="2025-09-10T18:53:31 IST" duration-ms="4477" status="PASS">
          <params>
            <param index="0">
              <value>
                <![CDATA[firefox]]>
              </value>
            </param>
          </params>
          <reporter-output>
          </reporter-output>
        </test-method> <!-- initialize -->
        <test-method signature="mngrLogin()[pri:0, instance:TestCases.HomePageTest@336f1079]" started-at="2025-09-10T18:53:31 IST" name="mngrLogin" finished-at="2025-09-10T18:53:32 IST" duration-ms="659" status="PASS">
          <reporter-output>
          </reporter-output>
        </test-method> <!-- mngrLogin -->
        <test-method is-config="true" signature="tearDown()[pri:0, instance:TestCases.HomePageTest@336f1079]" started-at="2025-09-10T18:53:32 IST" name="tearDown" finished-at="2025-09-10T18:53:34 IST" duration-ms="1538" status="PASS">
          <reporter-output>
          </reporter-output>
        </test-method> <!-- tearDown -->
      </class> <!-- TestCases.HomePageTest -->
      <class name="TestCases.TestLifeTimeMembership">
        <test-method is-config="true" signature="startup(java.lang.String)[pri:0, instance:TestCases.TestLifeTimeMembership@6b88ca8c]" started-at="2025-09-10T18:51:09 IST" name="startup" finished-at="2025-09-10T18:51:17 IST" duration-ms="7633" status="PASS">
          <params>
            <param index="0">
              <value>
                <![CDATA[firefox]]>
              </value>
            </param>
          </params>
          <reporter-output>
          </reporter-output>
        </test-method> <!-- startup -->
        <test-method signature="pageNavigationTest()[pri:0, instance:TestCases.TestLifeTimeMembership@6b88ca8c]" started-at="2025-09-10T18:51:53 IST" name="pageNavigationTest" finished-at="2025-09-10T18:51:53 IST" duration-ms="1" status="FAIL">
          <exception class="java.lang.AssertionError">
            <message>
              <![CDATA[null]]>
            </message>
            <full-stacktrace>
              <![CDATA[java.lang.AssertionError: null
at org.testng.Assert.fail(Assert.java:111)
at org.testng.Assert.fail(Assert.java:116)
at TestCases.TestLifeTimeMembership.pageNavigationTest(TestLifeTimeMembership.java:45)
at java.base/jdk.internal.reflect.DirectMethodHandleAccessor.invoke(DirectMethodHandleAccessor.java:103)
at java.base/java.lang.reflect.Method.invoke(Method.java:580)
at org.testng.internal.invokers.MethodInvocationHelper.invokeMethod(MethodInvocationHelper.java:141)
at org.testng.internal.invokers.TestInvoker.invokeMethod(TestInvoker.java:687)
at org.testng.internal.invokers.TestInvoker.invokeTestMethod(TestInvoker.java:230)
at org.testng.internal.invokers.MethodRunner.runInSequence(MethodRunner.java:63)
at org.testng.internal.invokers.TestInvoker$MethodInvocationAgent.invoke(TestInvoker.java:995)
at org.testng.internal.invokers.TestInvoker.invokeTestMethods(TestInvoker.java:203)
at org.testng.internal.invokers.TestMethodWorker.invokeTestMethods(TestMethodWorker.java:154)
at org.testng.internal.invokers.TestMethodWorker.run(TestMethodWorker.java:134)
at java.base/java.util.ArrayList.forEach(ArrayList.java:1596)
at org.testng.TestRunner.privateRun(TestRunner.java:741)
at org.testng.TestRunner.run(TestRunner.java:616)
at org.testng.SuiteRunner.runTest(SuiteRunner.java:421)
at org.testng.SuiteRunner.runSequentially(SuiteRunner.java:413)
at org.testng.SuiteRunner.privateRun(SuiteRunner.java:373)
at org.testng.SuiteRunner.run(SuiteRunner.java:312)
at org.testng.SuiteRunnerWorker.runSuite(SuiteRunnerWorker.java:52)
at org.testng.SuiteRunnerWorker.run(SuiteRunnerWorker.java:95)
at org.testng.TestNG.runSuitesSequentially(TestNG.java:1274)
at org.testng.TestNG.runSuitesLocally(TestNG.java:1208)
at org.testng.TestNG.runSuites(TestNG.java:1112)
at org.testng.TestNG.run(TestNG.java:1079)
at org.apache.maven.surefire.testng.TestNGExecutor.run(TestNGExecutor.java:308)
at org.apache.maven.surefire.testng.TestNGXmlTestSuite.execute(TestNGXmlTestSuite.java:71)
at org.apache.maven.surefire.testng.TestNGProvider.invoke(TestNGProvider.java:113)
at org.apache.maven.surefire.booter.ForkedBooter.runSuitesInProcess(ForkedBooter.java:385)
at org.apache.maven.surefire.booter.ForkedBooter.execute(ForkedBooter.java:162)
at org.apache.maven.surefire.booter.ForkedBooter.run(ForkedBooter.java:507)
at org.apache.maven.surefire.booter.ForkedBooter.main(ForkedBooter.java:495)
]]>
            </full-stacktrace>
          </exception> <!-- java.lang.AssertionError -->
          <reporter-output>
          </reporter-output>
        </test-method> <!-- pageNavigationTest -->
        <test-method is-config="true" signature="finish()[pri:0, instance:TestCases.TestLifeTimeMembership@6b88ca8c]" started-at="2025-09-10T19:11:25 IST" name="finish" finished-at="2025-09-10T19:11:25 IST" duration-ms="0" status="PASS">
          <reporter-output>
          </reporter-output>
        </test-method> <!-- finish -->
      </class> <!-- TestCases.TestLifeTimeMembership -->
      <class name="TestCases.SampleFormTest">
        <test-method is-config="true" signature="initilise(java.lang.String)[pri:0, instance:TestCases.SampleFormTest@1a20270e]" started-at="2025-09-10T18:51:17 IST" name="initilise" finished-at="2025-09-10T18:51:26 IST" duration-ms="9046" status="PASS">
          <params>
            <param index="0">
              <value>
                <![CDATA[firefox]]>
              </value>
            </param>
          </params>
          <reporter-output>
          </reporter-output>
        </test-method> <!-- initilise -->
        <test-method signature="valueTest(java.lang.String,java.lang.String,java.lang.String,java.lang.String,java.lang.String)[pri:0, instance:TestCases.SampleFormTest@1a20270e]" started-at="2025-09-10T18:51:26 IST" name="valueTest" data-provider="dp" finished-at="2025-09-10T18:51:28 IST" duration-ms="1697" status="PASS">
          <params>
            <param index="0">
              <value>
                <![CDATA[Honey]]>
              </value>
            </param>
            <param index="1">
              <value>
                <![CDATA[Suri]]>
              </value>
            </param>
            <param index="2">
              <value>
                <![CDATA[BMW@test.com]]>
              </value>
            </param>
            <param index="3">
              <value>
                <![CDATA[BMW Cars]]>
              </value>
            </param>
            <param index="4">
              <value>
                <![CDATA[male]]>
              </value>
            </param>
          </params>
          <reporter-output>
          </reporter-output>
        </test-method> <!-- valueTest -->
        <test-method is-config="true" signature="endTest()[pri:0, instance:TestCases.SampleFormTest@1a20270e]" started-at="2025-09-10T18:51:28 IST" name="endTest" finished-at="2025-09-10T18:51:30 IST" duration-ms="2171" status="PASS">
          <reporter-output>
          </reporter-output>
        </test-method> <!-- endTest -->
        <test-method is-config="true" signature="initilise(java.lang.String)[pri:0, instance:TestCases.SampleFormTest@1a20270e]" started-at="2025-09-10T18:51:30 IST" name="initilise" finished-at="2025-09-10T18:51:39 IST" duration-ms="8909" status="PASS">
          <params>
            <param index="0">
              <value>
                <![CDATA[firefox]]>
              </value>
            </param>
          </params>
          <reporter-output>
          </reporter-output>
        </test-method> <!-- initilise -->
        <test-method signature="valueTest(java.lang.String,java.lang.String,java.lang.String,java.lang.String,java.lang.String)[pri:0, instance:TestCases.SampleFormTest@1a20270e]" started-at="2025-09-10T18:51:39 IST" name="valueTest" data-provider="dp" finished-at="2025-09-10T18:51:41 IST" duration-ms="1702" status="PASS">
          <params>
            <param index="0">
              <value>
                <![CDATA[Test1]]>
              </value>
            </param>
            <param index="1">
              <value>
                <![CDATA[Kumar]]>
              </value>
            </param>
            <param index="2">
              <value>
                <![CDATA[Audi@test.com]]>
              </value>
            </param>
            <param index="3">
              <value>
                <![CDATA[Audi Cars]]>
              </value>
            </param>
            <param index="4">
              <value>
                <![CDATA[female]]>
              </value>
            </param>
          </params>
          <reporter-output>
          </reporter-output>
        </test-method> <!-- valueTest -->
        <test-method is-config="true" signature="endTest()[pri:0, instance:TestCases.SampleFormTest@1a20270e]" started-at="2025-09-10T18:51:41 IST" name="endTest" finished-at="2025-09-10T18:51:42 IST" duration-ms="1501" status="PASS">
          <reporter-output>
          </reporter-output>
        </test-method> <!-- endTest -->
        <test-method is-config="true" signature="initilise(java.lang.String)[pri:0, instance:TestCases.SampleFormTest@1a20270e]" started-at="2025-09-10T18:51:42 IST" name="initilise" finished-at="2025-09-10T18:51:50 IST" duration-ms="7698" status="PASS">
          <params>
            <param index="0">
              <value>
                <![CDATA[firefox]]>
              </value>
            </param>
          </params>
          <reporter-output>
          </reporter-output>
        </test-method> <!-- initilise -->
        <test-method signature="valueTest(java.lang.String,java.lang.String,java.lang.String,java.lang.String,java.lang.String)[pri:0, instance:TestCases.SampleFormTest@1a20270e]" started-at="2025-09-10T18:51:50 IST" name="valueTest" data-provider="dp" finished-at="2025-09-10T18:51:52 IST" duration-ms="1715" status="PASS">
          <params>
            <param index="0">
              <value>
                <![CDATA[Test2]]>
              </value>
            </param>
            <param index="1">
              <value>
                <![CDATA[Singh]]>
              </value>
            </param>
            <param index="2">
              <value>
                <![CDATA[Tata@test.com]]>
              </value>
            </param>
            <param index="3">
              <value>
                <![CDATA[Tata Cars]]>
              </value>
            </param>
            <param index="4">
              <value>
                <![CDATA[male]]>
              </value>
            </param>
          </params>
          <reporter-output>
          </reporter-output>
        </test-method> <!-- valueTest -->
        <test-method is-config="true" signature="endTest()[pri:0, instance:TestCases.SampleFormTest@1a20270e]" started-at="2025-09-10T18:51:52 IST" name="endTest" finished-at="2025-09-10T18:51:53 IST" duration-ms="1570" status="PASS">
          <reporter-output>
          </reporter-output>
        </test-method> <!-- endTest -->
      </class> <!-- TestCases.SampleFormTest -->
    </test> <!-- Bank Manager - firefox -->
  </suite> <!-- Bank APP -->
</testng-results>
